Arguments: 
  C:\Program Files\nodejs\node.exe C:\Users\33783\AppData\Roaming\npm\node_modules\yarn\bin\yarn.js

PATH: 
  C:\Users\33783\bin;C:\Program Files\Git\mingw64\bin;C:\Program Files\Git\usr\local\bin;C:\Program Files\Git\usr\bin;C:\Program Files\Git\usr\bin;C:\Program Files\Git\mingw64\bin;C:\Program Files\Git\usr\bin;C:\Users\33783\bin;C:\Program Files (x86)\Common Files\Oracle\Java\javapath;C:\Python310\Scripts;C:\Python310;C:\windows\system32;C:\windows;C:\windows\System32\Wbem;C:\windows\System32\WindowsPowerShell\v1.0;C:\windows\System32\OpenSSH;C:\Program Files (x86)\NVIDIA Corporation\PhysX\Common;C:\Program Files\NVIDIA Corporation\NVIDIA NvDLISR;C:\Program Files\Git\cmd;C:\Program Files\dotnet;C:\ProgramData\chocolatey\bin;C:\WINDOWS\system32;C:\WINDOWS;C:\WINDOWS\System32\Wbem;C:\WINDOWS\System32\WindowsPowerShell\v1.0;C:\WINDOWS\System32\OpenSSH;%NVM_HOME%;%NVM_SYMLINK%;C:\Users\33783\AppData\Local\Microsoft\WindowsApps;C:\Users\33783\AppData\Local\Programs\Microsoft VS Code\bin;C:\Users\33783\AppData\Local\Yarn\bin;C:\Program Files\PostgreSQL\13\bin;C:\Users\33783\AppData\Local\Yarn\Data\global\node_modules\.bin\lerna.cmd;C:\Users\33783\.dotnet\tools;C:\Users\33783\AppData\Roaming\npm;C:\Users\33783\AppData\Roaming\nvm;C:\Program Files\nodejs;C:\Program Files\JetBrains\IntelliJ IDEA Community Edition 2022.3.1\bin;C:\Program Files\Git\usr\bin\vendor_perl;C:\Program Files\Git\usr\bin\core_perl

Yarn version: 
  1.22.19

Node version: 
  16.15.0

Platform: 
  win32 x64

Trace: 
  SyntaxError: C:\Users\33783\Documents\dev\sqrib--monorepo\package.json: Unexpected token / in JSON at position 1002
      at JSON.parse (<anonymous>)
      at C:\Users\33783\AppData\Roaming\npm\node_modules\yarn\lib\cli.js:1629:59
      at Generator.next (<anonymous>)
      at step (C:\Users\33783\AppData\Roaming\npm\node_modules\yarn\lib\cli.js:310:30)
      at C:\Users\33783\AppData\Roaming\npm\node_modules\yarn\lib\cli.js:321:13

npm manifest: 
  {
    "name": "@sqrib/utils",
    "version": "1.0.0",
    "description": "Collection of generic tools",
    "main": "index.ts",
    "author": "Amine Abdelli",
    "license": "MIT",
    "scripts": {
      "lint": "eslint **/**.ts",
      "build": "rm -rf ./dist/ && tsc -p tsconfig.json",
      "test": "jest",
      "yarn": "yarn"
    },
    "devDependencies": {
      "@babel/preset-env": "^7.18.0",
      "@babel/preset-typescript": "^7.17.12",
      "@types/jest": "^27.5.1",
      "@typescript-eslint/eslint-plugin": "^4.17.0",
      "@typescript-eslint/parser": "^4.17.0",
      "eslint": "^7.21.0",
      "ts-jest": "^28.0.2",
      "typescript": "^4.1.3"
    },
    "dependencies": {
      "babel-preset-es2015": "^6.24.1",
      "jest": "^28.1.0",
      "lodash": "^4.17.21",
      "make-word": "^1.0.0",
      "next-transpile-modules": "^9.0.0",
      "pino": "^7.11.0",
      "ts-node-dev": "^1.1.8"
    }
  }

yarn manifest: 
  No manifest

Lockfile: 
  No lockfile
